<?xml version="1.0" encoding="UTF-8"?>
<testng-results ignored="0" total="1" passed="1" failed="0" skipped="0">
  <reporter-output>
  </reporter-output>
  <suite started-at="2024-03-18T17:51:37 IST" name="Default suite" finished-at="2024-03-18T17:52:05 IST" duration-ms="28186">
    <groups>
    </groups>
    <test started-at="2024-03-18T17:51:37 IST" name="Default test" finished-at="2024-03-18T17:52:05 IST" duration-ms="28186">
      <class name="Basic.OrganizationTest">
        <test-method signature="CreateOrganisationTest()[pri:0, instance:Basic.OrganizationTest@393671df]" started-at="2024-03-18T17:51:37 IST" name="CreateOrganisationTest" finished-at="2024-03-18T17:52:05 IST" duration-ms="28103" status="PASS">
          <reporter-output>
          </reporter-output>
        </test-method> <!-- CreateOrganisationTest -->
      </class> <!-- Basic.OrganizationTest -->
    </test> <!-- Default test -->
  </suite> <!-- Default suite -->
</testng-results>
